starting a new game between joshua and walt
joshua has a 7
walt has a 7
players had equal cards...
joshua has a 4
walt has a 4
players had equal cards...
joshua has a 5
walt has a 2
joshua = 1 rounds won
joshua has a 3
walt has a 2
joshua = 2 rounds won
joshua wins.
joshua wins: 40
walt wins: 36
starting a new game between joshua and walt
joshua has a 9
walt has a 5
joshua = 1 rounds won
joshua has a 2
walt has a 2
players had equal cards...
joshua has a 8
walt has a 7
joshua = 2 rounds won
joshua wins.
joshua wins: 41
walt wins: 36
starting a new game between joshua and walt
joshua has a 7
walt has a 7
players had equal cards...
joshua has a 7
walt has a 1
joshua = 1 rounds won
joshua has a 7
walt has a 4
joshua = 2 rounds won
joshua wins.
joshua wins: 42
walt wins: 36
starting a new game between joshua and walt
joshua has a 2
walt has a 9
walt = 1 rounds won
joshua has a 8
walt has a 5
joshua = 1 rounds won
joshua has a 5
walt has a 9
walt = 2 rounds won
walt wins.
joshua wins: 42
walt wins: 37
starting a new game between joshua and walt
joshua has a 10
walt has a 6
joshua = 1 rounds won
joshua has a 3
walt has a 2
joshua = 2 rounds won
joshua wins.
joshua wins: 43
walt wins: 37
starting a new game between joshua and walt
joshua has a 9
walt has a 1
joshua = 1 rounds won
joshua has a 8
walt has a 6
joshua = 2 rounds won
joshua wins.
joshua wins: 44
walt wins: 37
starting a new game between joshua and walt
joshua has a 7
walt has a 5
joshua = 1 rounds won
joshua has a 1
walt has a 2
walt = 1 rounds won
joshua has a 3
walt has a 5
walt = 2 rounds won
walt wins.
joshua wins: 44
walt wins: 38
starting a new game between joshua and walt
joshua has a 4
walt has a 8
walt = 1 rounds won
joshua has a 2
walt has a 6
walt = 2 rounds won
walt wins.
joshua wins: 44
walt wins: 39
starting a new game between joshua and walt
joshua has a 4
walt has a 9
walt = 1 rounds won
joshua has a 3
walt has a 1
joshua = 1 rounds won
joshua has a 7
walt has a 9
walt = 2 rounds won
walt wins.
joshua wins: 44
walt wins: 40
starting a new game between joshua and walt
joshua has a 6
walt has a 7
walt = 1 rounds won
joshua has a 3
walt has a 5
walt = 2 rounds won
walt wins.
joshua wins: 44
walt wins: 41
starting a new game between joshua and walt
joshua has a 10
walt has a 5
joshua = 1 rounds won
joshua has a 8
walt has a 3
joshua = 2 rounds won
joshua wins.
joshua wins: 45
walt wins: 41
starting a new game between joshua and walt
joshua has a 6
walt has a 5
joshua = 1 rounds won
joshua has a 1
walt has a 1
players had equal cards...
joshua has a 10
walt has a 7
joshua = 2 rounds won
joshua wins.
joshua wins: 46
walt wins: 41
starting a new game between joshua and walt
joshua has a 8
walt has a 7
joshua = 1 rounds won
joshua has a 5
walt has a 6
walt = 1 rounds won
joshua has a 1
walt has a 2
walt = 2 rounds won
walt wins.
joshua wins: 46
walt wins: 42
starting a new game between joshua and walt
joshua has a 4
walt has a 8
walt = 1 rounds won
joshua has a 3
walt has a 5
walt = 2 rounds won
walt wins.
joshua wins: 46
walt wins: 43
starting a new game between joshua and walt
joshua has a 2
walt has a 10
walt = 1 rounds won
joshua has a 2
walt has a 10
walt = 2 rounds won
walt wins.
joshua wins: 46
walt wins: 44
starting a new game between joshua and walt
joshua has a 7
walt has a 7
players had equal cards...
joshua has a 3
walt has a 4
walt = 1 rounds won
joshua has a 3
walt has a 5
walt = 2 rounds won
walt wins.
joshua wins: 46
walt wins: 45
starting a new game between joshua and walt
joshua has a 3
walt has a 2
joshua = 1 rounds won
joshua has a 9
walt has a 6
joshua = 2 rounds won
joshua wins.
joshua wins: 47
walt wins: 45
starting a new game between joshua and walt
joshua has a 5
walt has a 2
joshua = 1 rounds won
joshua has a 7
walt has a 8
walt = 1 rounds won
joshua has a 3
walt has a 4
walt = 2 rounds won
walt wins.
joshua wins: 47
walt wins: 46
starting a new game between joshua and walt
joshua has a 7
walt has a 8
walt = 1 rounds won
joshua has a 8
walt has a 8
players had equal cards...
joshua has a 1
walt has a 4
walt = 2 rounds won
walt wins.
joshua wins: 47
walt wins: 47
starting a new game between joshua and walt
joshua has a 7
walt has a 4
joshua = 1 rounds won
joshua has a 8
walt has a 7
joshua = 2 rounds won
joshua wins.
joshua wins: 48
walt wins: 47
starting a new game between joshua and walt
joshua has a 8
walt has a 8
players had equal cards...
joshua has a 9
walt has a 6
joshua = 1 rounds won
joshua has a 8
walt has a 6
joshua = 2 rounds won
joshua wins.
joshua wins: 49
walt wins: 47
starting a new game between joshua and walt
joshua has a 8
walt has a 8
players had equal cards...
joshua has a 3
walt has a 1
joshua = 1 rounds won
joshua has a 8
walt has a 2
joshua = 2 rounds won
joshua wins.
joshua wins: 50
walt wins: 47
starting a new game between joshua and walt
joshua has a 2
walt has a 2
players had equal cards...
joshua has a 7
walt has a 7
players had equal cards...
joshua has a 6
walt has a 3
joshua = 1 rounds won
joshua has a 10
walt has a 3
joshua = 2 rounds won
joshua wins.
joshua wins: 51
walt wins: 47
starting a new game between joshua and walt
joshua has a 6
walt has a 10
walt = 1 rounds won
joshua has a 2
walt has a 10
walt = 2 rounds won
walt wins.
joshua wins: 51
walt wins: 48
starting a new game between joshua and walt
joshua has a 4
walt has a 1
joshua = 1 rounds won
joshua has a 3
walt has a 2
joshua = 2 rounds won
joshua wins.
joshua wins: 52
walt wins: 48
starting a new game between joshua and walt
joshua has a 3
walt has a 8
walt = 1 rounds won
joshua has a 7
walt has a 5
joshua = 1 rounds won
joshua has a 7
walt has a 8
walt = 2 rounds won
walt wins.
joshua wins: 52
walt wins: 49
starting a new game between joshua and walt
joshua has a 10
walt has a 4
joshua = 1 rounds won
joshua has a 9
walt has a 4
joshua = 2 rounds won
joshua wins.
joshua wins: 53
walt wins: 49
starting a new game between joshua and walt
joshua has a 10
walt has a 8
joshua = 1 rounds won
joshua has a 9
walt has a 9
players had equal cards...
joshua has a 10
walt has a 7
joshua = 2 rounds won
joshua wins.
joshua wins: 54
walt wins: 49
starting a new game between joshua and walt
joshua has a 5
walt has a 9
walt = 1 rounds won
joshua has a 7
walt has a 7
players had equal cards...
joshua has a 3
walt has a 1
joshua = 1 rounds won
joshua has a 7
walt has a 6
joshua = 2 rounds won
joshua wins.
joshua wins: 55
walt wins: 49
starting a new game between joshua and walt
joshua has a 2
walt has a 6
walt = 1 rounds won
joshua has a 3
walt has a 5
walt = 2 rounds won
walt wins.
joshua wins: 55
walt wins: 50
starting a new game between joshua and walt
joshua has a 9
walt has a 10
walt = 1 rounds won
joshua has a 3
walt has a 10
walt = 2 rounds won
walt wins.
joshua wins: 55
walt wins: 51
starting a new game between joshua and walt
joshua has a 2
walt has a 1
joshua = 1 rounds won
joshua has a 6
walt has a 1
joshua = 2 rounds won
joshua wins.
joshua wins: 56
walt wins: 51
starting a new game between joshua and walt
joshua has a 9
walt has a 1
joshua = 1 rounds won
joshua has a 2
walt has a 9
walt = 1 rounds won
joshua has a 2
walt has a 5
walt = 2 rounds won
walt wins.
joshua wins: 56
walt wins: 52
starting a new game between joshua and walt
joshua has a 7
walt has a 10
walt = 1 rounds won
joshua has a 2
walt has a 8
walt = 2 rounds won
walt wins.
joshua wins: 56
walt wins: 53
starting a new game between joshua and walt
joshua has a 4
walt has a 2
joshua = 1 rounds won
joshua has a 5
walt has a 2
joshua = 2 rounds won
joshua wins.
joshua wins: 57
walt wins: 53
starting a new game between joshua and walt
joshua has a 5
walt has a 5
players had equal cards...
joshua has a 9
walt has a 7
joshua = 1 rounds won
joshua has a 5
walt has a 1
joshua = 2 rounds won
joshua wins.
joshua wins: 58
walt wins: 53
starting a new game between joshua and walt
joshua has a 5
walt has a 5
players had equal cards...
joshua has a 4
walt has a 3
joshua = 1 rounds won
joshua has a 4
walt has a 1
joshua = 2 rounds won
joshua wins.
joshua wins: 59
walt wins: 53
starting a new game between joshua and walt
joshua has a 5
walt has a 7
walt = 1 rounds won
joshua has a 1
walt has a 5
walt = 2 rounds won
walt wins.
joshua wins: 59
walt wins: 54
starting a new game between joshua and walt
joshua has a 8
walt has a 5
joshua = 1 rounds won
joshua has a 2
walt has a 8
walt = 1 rounds won
joshua has a 2
walt has a 5
walt = 2 rounds won
walt wins.
joshua wins: 59
walt wins: 55
starting a new game between joshua and walt
joshua has a 5
walt has a 7
walt = 1 rounds won
joshua has a 5
walt has a 1
joshua = 1 rounds won
joshua has a 2
walt has a 2
players had equal cards...
joshua has a 9
walt has a 2
joshua = 2 rounds won
joshua wins.
joshua wins: 60
walt wins: 55
starting a new game between joshua and walt
joshua has a 9
walt has a 3
joshua = 1 rounds won
joshua has a 7
walt has a 6
joshua = 2 rounds won
joshua wins.
joshua wins: 61
walt wins: 55
starting a new game between joshua and walt
joshua has a 2
walt has a 7
walt = 1 rounds won
joshua has a 10
walt has a 3
joshua = 1 rounds won
joshua has a 2
walt has a 8
walt = 2 rounds won
walt wins.
joshua wins: 61
walt wins: 56
starting a new game between joshua and walt
joshua has a 8
walt has a 5
joshua = 1 rounds won
joshua has a 5
walt has a 9
walt = 1 rounds won
joshua has a 3
walt has a 9
walt = 2 rounds won
walt wins.
joshua wins: 61
walt wins: 57
starting a new game between joshua and walt
joshua has a 8
walt has a 9
walt = 1 rounds won
joshua has a 10
walt has a 2
joshua = 1 rounds won
joshua has a 3
walt has a 2
joshua = 2 rounds won
joshua wins.
joshua wins: 62
walt wins: 57
starting a new game between joshua and walt
joshua has a 5
walt has a 5
players had equal cards...
joshua has a 10
walt has a 5
joshua = 1 rounds won
joshua has a 9
walt has a 2
joshua = 2 rounds won
joshua wins.
joshua wins: 63
walt wins: 57
starting a new game between joshua and walt
joshua has a 9
walt has a 3
joshua = 1 rounds won
joshua has a 1
walt has a 1
players had equal cards...
joshua has a 10
walt has a 3
joshua = 2 rounds won
joshua wins.
joshua wins: 64
walt wins: 57
starting a new game between joshua and walt
joshua has a 8
walt has a 5
joshua = 1 rounds won
joshua has a 2
walt has a 2
players had equal cards...
joshua has a 10
walt has a 1
joshua = 2 rounds won
joshua wins.
joshua wins: 65
walt wins: 57
starting a new game between joshua and walt
joshua has a 7
walt has a 2
joshua = 1 rounds won
joshua has a 4
walt has a 8
walt = 1 rounds won
joshua has a 10
walt has a 5
joshua = 2 rounds won
joshua wins.
joshua wins: 66
walt wins: 57
starting a new game between joshua and walt
joshua has a 6
walt has a 7
walt = 1 rounds won
joshua has a 7
walt has a 5
joshua = 1 rounds won
joshua has a 10
walt has a 8
joshua = 2 rounds won
joshua wins.
joshua wins: 67
walt wins: 57
starting a new game between joshua and walt
joshua has a 5
walt has a 5
players had equal cards...
joshua has a 2
walt has a 5
walt = 1 rounds won
joshua has a 1
walt has a 8
walt = 2 rounds won
walt wins.
joshua wins: 67
walt wins: 58
starting a new game between joshua and walt
joshua has a 10
walt has a 10
players had equal cards...
joshua has a 7
walt has a 7
players had equal cards...
joshua has a 10
walt has a 7
joshua = 1 rounds won
joshua has a 9
walt has a 5
joshua = 2 rounds won
joshua wins.
joshua wins: 68
walt wins: 58
starting a new game between joshua and walt
joshua has a 1
walt has a 5
walt = 1 rounds won
joshua has a 9
walt has a 6
joshua = 1 rounds won
joshua has a 5
walt has a 6
walt = 2 rounds won
walt wins.
joshua wins: 68
walt wins: 59
